#
# There is insufficient memory for the Java Runtime Environment to continue.
# Native memory allocation (malloc) failed to allocate 1683160 bytes. Error detail: Chunk::new
# Possible reasons:
#   The system is out of physical RAM or swap space
#   This process is running with CompressedOops enabled, and the Java Heap may be blocking the growth of the native heap
# Possible solutions:
#   Reduce memory load on the system
#   Increase physical memory or swap space
#   Check if swap backing store is full
#   Decrease Java heap size (-Xmx/-Xms)
#   Decrease number of Java threads
#   Decrease Java thread stack sizes (-Xss)
#   Set larger code cache with -XX:ReservedCodeCacheSize=
#   JVM is running with Unscaled Compressed Oops mode in which the Java heap is
#     placed in the first 4GB address space. The Java Heap base address is the
#     maximum limit for the native heap growth. Please use -XX:HeapBaseMinAddress
#     to set the Java Heap base and to place the Java Heap above 4GB virtual address.
# This output file may be truncated or incomplete.
#
#  Out of Memory Error (arena.cpp:193), pid=15532, tid=12576
#
# JRE version: OpenJDK Runtime Environment Temurin-26.0.1+8 (26.0.1+8) (build 26.0.1+8)
# Java VM: OpenJDK 64-Bit Server VM Temurin-26.0.1+8 (26.0.1+8, mixed mode, sharing, tiered, compressed oops, compressed class ptrs, g1 gc, windows-amd64)
# No core dump will be written. Minidumps are not enabled by default on client versions of Windows
#

---------------  S U M M A R Y ------------

Command Line: -Dstdout.encoding=UTF-8 -Dstderr.encoding=UTF-8 C:\Users\DELL\AppData\Local\Temp\surefire4212030256090522541\surefirebooter-20260617150359241_3.jar C:\Users\DELL\AppData\Local\Temp\surefire4212030256090522541 2026-06-17T15-03-57_864-jvmRun1 surefire-20260617150359241_1tmp surefire_0-20260617150359241_2tmp

Host: 11th Gen Intel(R) Core(TM) i5-1135G7 @ 2.40GHz, 8 cores, 3G,  Windows 10 , 64 bit Build 19041 (10.0.19041.5915)
Time: Wed Jun 17 15:04:02 2026 India Standard Time elapsed time: 3.296278 seconds (0d 0h 0m 3s)

---------------  T H R E A D  ---------------

Current thread (0x00000216ff99e6e0):  JavaThread "C2 CompilerThread0" daemon [_thread_in_native, id=12576, stack(0x0000004e2e800000,0x0000004e2e900000) (1024K)]


Current CompileTask:
C2:3296 2461       4       jdk.internal.classfile.impl.SplitConstantPool::tryFindClassOrInterface (138 bytes)

Stack: [0x0000004e2e800000,0x0000004e2e900000]
Native frames: (J=compiled Java code, j=interpreted, Vv=VM code, C=native code)
V  [jvm.dll+0x7db749]  (no source info available)
V  [jvm.dll+0x7a82bd]  (no source info available)
V  [jvm.dll+0xa44a60]  (no source info available)
V  [jvm.dll+0xa46eb1]  (no source info available)
V  [jvm.dll+0xa475c3]  (no source info available)
V  [jvm.dll+0x311a96]  (no source info available)
V  [jvm.dll+0x120316]  (no source info available)
V  [jvm.dll+0x12063e]  (no source info available)
V  [jvm.dll+0x1b2836]  (no source info available)
V  [jvm.dll+0x3ce802]  (no source info available)
V  [jvm.dll+0x7e430f]  (no source info available)
V  [jvm.dll+0x2d4597]  (no source info available)
V  [jvm.dll+0x2d350f]  (no source info available)
V  [jvm.dll+0x249670]  (no source info available)
V  [jvm.dll+0x2e363c]  (no source info available)
V  [jvm.dll+0x2e181d]  (no source info available)
V  [jvm.dll+0x4a82ae]  (no source info available)
V  [jvm.dll+0x9e3039]  (no source info available)
V  [jvm.dll+0x7dd228]  (no source info available)
C  [ucrtbase.dll+0x21bb2]  (no source info available)
C  [KERNEL32.DLL+0x17374]  (no source info available)
C  [ntdll.dll+0x4cc91]  (no source info available)

Lock stack of current Java thread (top to bottom):


---------------  P R O C E S S  ---------------

Threads class SMR info:
_java_thread_list=0x0000021686e4ce70, length=14, elements={
0x00000216e35ae140, 0x00000216e5998140, 0x00000216e59988f0, 0x00000216e599a350,
0x00000216e599cf10, 0x00000216e599dac0, 0x00000216e59a8690, 0x00000216ff99e6e0,
0x00000216ff9a6f00, 0x00000216ffa2dc30, 0x00000216ffa53700, 0x00000216861cf7b0,
0x00000216861e1070, 0x00000216878e80b0
}

Java Threads: ( => current thread )
  0x00000216e35ae140 JavaThread "main"                              [_thread_in_vm, id=13180, stack(0x0000004e2d900000,0x0000004e2da00000) (1024K)]
  0x00000216e5998140 JavaThread "Reference Handler"          daemon [_thread_blocked, id=1868, stack(0x0000004e2e200000,0x0000004e2e300000) (1024K)]
  0x00000216e59988f0 JavaThread "Finalizer"                  daemon [_thread_blocked, id=5428, stack(0x0000004e2e300000,0x0000004e2e400000) (1024K)]
  0x00000216e599a350 JavaThread "Signal Dispatcher"          daemon [_thread_blocked, id=17612, stack(0x0000004e2e400000,0x0000004e2e500000) (1024K)]
  0x00000216e599cf10 JavaThread "Attach Listener"            daemon [_thread_blocked, id=16008, stack(0x0000004e2e500000,0x0000004e2e600000) (1024K)]
  0x00000216e599dac0 JavaThread "Service Thread"             daemon [_thread_blocked, id=17088, stack(0x0000004e2e600000,0x0000004e2e700000) (1024K)]
  0x00000216e59a8690 JavaThread "Monitor Deflation Thread"   daemon [_thread_blocked, id=17144, stack(0x0000004e2e700000,0x0000004e2e800000) (1024K)]
=>0x00000216ff99e6e0 JavaThread "C2 CompilerThread0"         daemon [_thread_in_native, id=12576, stack(0x0000004e2e800000,0x0000004e2e900000) (1024K)]
  0x00000216ff9a6f00 JavaThread "C1 CompilerThread0"         daemon [_thread_blocked, id=17136, stack(0x0000004e2e900000,0x0000004e2ea00000) (1024K)]
  0x00000216ffa2dc30 JavaThread "Notification Thread"        daemon [_thread_blocked, id=448, stack(0x0000004e2ea00000,0x0000004e2eb00000) (1024K)]
  0x00000216ffa53700 JavaThread "Common-Cleaner"             daemon [_thread_blocked, id=10580, stack(0x0000004e2eb00000,0x0000004e2ec00000) (1024K)]
  0x00000216861cf7b0 JavaThread "surefire-forkedjvm-stream-flusher" daemon [_thread_blocked, id=7244, stack(0x0000004e2ee00000,0x0000004e2ef00000) (1024K)]
  0x00000216861e1070 JavaThread "surefire-forkedjvm-command-thread" daemon [_thread_in_native, id=16936, stack(0x0000004e2ef00000,0x0000004e2f000000) (1024K)]
  0x00000216878e80b0 JavaThread "background-preinit"                [_thread_in_vm, id=11936, stack(0x0000004e2f600000,0x0000004e2f700000) (1024K)]
Total: 14

Other Threads:
  0x00000216e5989b80 VMThread "VM Thread"                           [id=16372, stack(0x0000004e2e100000,0x0000004e2e200000) (1024K)]
  0x00000216e597bc30 WatcherThread "VM Periodic Task Thread"        [id=6956, stack(0x0000004e2e000000,0x0000004e2e100000) (1024K)]
  0x00000216e59142d0 WorkerThread "GC Thread#0"                     [id=5980, stack(0x0000004e2da00000,0x0000004e2db00000) (1024K)]
  0x00000216ffda7370 WorkerThread "GC Thread#1"                     [id=4492, stack(0x0000004e2ec00000,0x0000004e2ed00000) (1024K)]
  0x00000216869a5f30 WorkerThread "GC Thread#2"                     [id=12172, stack(0x0000004e2f000000,0x0000004e2f100000) (1024K)]
  0x0000021686ab1840 WorkerThread "GC Thread#3"                     [id=11272, stack(0x0000004e2f100000,0x0000004e2f200000) (1024K)]
  0x0000021686ab1c60 WorkerThread "GC Thread#4"                     [id=12004, stack(0x0000004e2f200000,0x0000004e2f300000) (1024K)]
  0x0000021687545be0 WorkerThread "GC Thread#5"                     [id=9056, stack(0x0000004e2f300000,0x0000004e2f400000) (1024K)]
  0x0000021686f5a850 WorkerThread "GC Thread#6"                     [id=11700, stack(0x0000004e2f400000,0x0000004e2f500000) (1024K)]
  0x00000216873d9ae0 WorkerThread "GC Thread#7"                     [id=10412, stack(0x0000004e2f500000,0x0000004e2f600000) (1024K)]
  0x00000216e5920ff0 ConcurrentGCThread "G1 Main Marker"            [id=17456, stack(0x0000004e2db00000,0x0000004e2dc00000) (1024K)]
  0x00000216e59252a0 WorkerThread "G1 Conc#0"                       [id=14148, stack(0x0000004e2dc00000,0x0000004e2dd00000) (1024K)]
  0x0000021686147760 WorkerThread "G1 Conc#1"                       [id=18292, stack(0x0000004e2ed00000,0x0000004e2ee00000) (1024K)]
  0x00000216e595e120 WorkerThread "G1 Refinement Workers#0"         [id=5932, stack(0x0000004e2de00000,0x0000004e2df00000) (1024K)]
  0x00000216e595d350 ConcurrentGCThread "G1 Refine Control"         [id=6428, stack(0x0000004e2dd00000,0x0000004e2de00000) (1024K)]
  0x00000216e595ea90 ConcurrentGCThread "G1 Service"                [id=17268, stack(0x0000004e2df00000,0x0000004e2e000000) (1024K)]
Total: 16

Threads with active compile tasks:
C2 CompilerThread0  3387 2461       4       jdk.internal.classfile.impl.SplitConstantPool::tryFindClassOrInterface (138 bytes)
Total: 1

VM state: not at safepoint (normal execution)

VM Mutex/Monitor currently owned by a thread: None

Heap address: 0x00000000c4400000, size: 956 MB, Compressed Oops mode: 32-bit

CDS archive(s) mapped at: [0x000000001e000000-0x000000001ede0000-0x000000001ede0000), size 14548992, SharedBaseAddress: 0x000000001e000000, ArchiveRelocationMode: 1.
Compressed class space mapped at: 0x000000001f000000-0x000000005f000000, reserved size: 1073741824
UseCompressedClassPointers 1, UseCompactObjectHeaders 0
Narrow klass pointer bits 32, Max shift 3
Narrow klass base: 0x000000001e000000, Narrow klass shift: 0
Encoding Range: [0x000000001e000000 - 0x000000011e000000), (4294967296 bytes)
Klass Range:    [0x000000001e000000 - 0x000000005f000000), (1090519040 bytes)
Klass ID Range:  [8 - 1090519033) (1090519025)
Protection zone: [0x000000001e000000 - 0x000000001e010000), (65536 bytes)

GC Precious Log:
 CardTable entry size: 512
 Card Set container configuration: InlinePtr #cards 5 size 8 Array Of Cards #cards 10 size 36 Howl #buckets 4 coarsen threshold 1843 Howl Bitmap #cards 512 size 80 coarsen threshold 460 Card regions per heap region 1 cards per card region 2048
 CPUs: 8 total, 8 available
 Memory: 3818M
 Large Page Support: Disabled
 NUMA Support: Disabled
 Compressed Oops: Enabled (32-bit)
 Heap Region Size: 1M
 Heap Min Capacity: 8M
 Heap Initial Capacity: 8M
 Heap Max Capacity: 956M
 Pre-touch: Disabled
 Parallel Workers: 8
 Concurrent Workers: 2
 Concurrent Refinement Workers: 8
 Periodic GC: Disabled

Heap:
 garbage-first heap   total reserved 978944K, committed 68608K, used 17950K [0x00000000c4400000, 0x0000000100000000)
  region size 1M, 8 eden (8M), 3 survivor (3M), 9 old (9M), 0 humongous (0M), 47 free (47M)

Heap Regions: E=young(eden), S=young(survivor), O=old, HS=humongous(starts), HC=humongous(continues), CS=collection set, F=free, TAMS=top-at-mark-start, PB=parsable bottom
|    0|0x00000000c4400000, 0x00000000c4500000, 0x00000000c4500000|100%| O|  |TAMS 0x00000000c4400000| PB 0x00000000c4400000| Untracked |  0
|    1|0x00000000c4500000, 0x00000000c4600000, 0x00000000c4600000|100%| O|  |TAMS 0x00000000c4500000| PB 0x00000000c4500000| Untracked |  0
|    2|0x00000000c4600000, 0x00000000c4700000, 0x00000000c4700000|100%| O|  |TAMS 0x00000000c4600000| PB 0x00000000c4600000| Untracked |  0
|    3|0x00000000c4700000, 0x00000000c4800000, 0x00000000c4800000|100%| O|  |TAMS 0x00000000c4700000| PB 0x00000000c4700000| Untracked |  0
|    4|0x00000000c4800000, 0x00000000c4900000, 0x00000000c4900000|100%| O|  |TAMS 0x00000000c4800000| PB 0x00000000c4800000| Untracked |  0
|    5|0x00000000c4900000, 0x00000000c4a00000, 0x00000000c4a00000|100%| O|  |TAMS 0x00000000c4900000| PB 0x00000000c4900000| Untracked |  0
|    6|0x00000000c4a00000, 0x00000000c4b00000, 0x00000000c4b00000|100%| O|  |TAMS 0x00000000c4a00000| PB 0x00000000c4a00000| Untracked |  0
|    7|0x00000000c4b00000, 0x00000000c4b18c40, 0x00000000c4c00000|  9%| O|  |TAMS 0x00000000c4b00000| PB 0x00000000c4b00000| Untracked |  0
|    8|0x00000000c4c00000, 0x00000000c4c6ecf0, 0x00000000c4d00000| 43%| S|CS|TAMS 0x00000000c4c00000| PB 0x00000000c4c00000| Complete  |  0
|    9|0x00000000c4d00000, 0x00000000c4e00000, 0x00000000c4e00000|100%| S|CS|TAMS 0x00000000c4d00000| PB 0x00000000c4d00000| Complete  |  0
|   10|0x00000000c4e00000, 0x00000000c4f00000, 0x00000000c4f00000|100%| S|CS|TAMS 0x00000000c4e00000| PB 0x00000000c4e00000| Complete  |  0
|   11|0x00000000c4f00000, 0x00000000c4f00000, 0x00000000c5000000|  0%| F|  |TAMS 0x00000000c4f00000| PB 0x00000000c4f00000| Untracked |  0
|   12|0x00000000c5000000, 0x00000000c5000000, 0x00000000c5100000|  0%| F|  |TAMS 0x00000000c5000000| PB 0x00000000c5000000| Untracked |  0
|   13|0x00000000c5100000, 0x00000000c5100000, 0x00000000c5200000|  0%| F|  |TAMS 0x00000000c5100000| PB 0x00000000c5100000| Untracked |  0
|   14|0x00000000c5200000, 0x00000000c5200000, 0x00000000c5300000|  0%| F|  |TAMS 0x00000000c5200000| PB 0x00000000c5200000| Untracked |  0
|   15|0x00000000c5300000, 0x00000000c5300000, 0x00000000c5400000|  0%| F|  |TAMS 0x00000000c5300000| PB 0x00000000c5300000| Untracked |  0
|   16|0x00000000c5400000, 0x00000000c5400000, 0x00000000c5500000|  0%| F|  |TAMS 0x00000000c5400000| PB 0x00000000c5400000| Untracked |  0
|   17|0x00000000c5500000, 0x00000000c5500000, 0x00000000c5600000|  0%| F|  |TAMS 0x00000000c5500000| PB 0x00000000c5500000| Untracked |  0
|   18|0x00000000c5600000, 0x00000000c5600000, 0x00000000c5700000|  0%| F|  |TAMS 0x00000000c5600000| PB 0x00000000c5600000| Untracked |  0
|   19|0x00000000c5700000, 0x00000000c5700000, 0x00000000c5800000|  0%| F|  |TAMS 0x00000000c5700000| PB 0x00000000c5700000| Untracked |  0
|   20|0x00000000c5800000, 0x00000000c5800000, 0x00000000c5900000|  0%| F|  |TAMS 0x00000000c5800000| PB 0x00000000c5800000| Untracked |  0
|   21|0x00000000c5900000, 0x00000000c5900000, 0x00000000c5a00000|  0%| F|  |TAMS 0x00000000c5900000| PB 0x00000000c5900000| Untracked |  0
|   22|0x00000000c5a00000, 0x00000000c5a00000, 0x00000000c5b00000|  0%| F|  |TAMS 0x00000000c5a00000| PB 0x00000000c5a00000| Untracked |  0
|   23|0x00000000c5b00000, 0x00000000c5b00000, 0x00000000c5c00000|  0%| F|  |TAMS 0x00000000c5b00000| PB 0x00000000c5b00000| Untracked |  0
|   24|0x00000000c5c00000, 0x00000000c5c00000, 0x00000000c5d00000|  0%| F|  |TAMS 0x00000000c5c00000| PB 0x00000000c5c00000| Untracked |  0
|   25|0x00000000c5d00000, 0x00000000c5d00000, 0x00000000c5e00000|  0%| F|  |TAMS 0x00000000c5d00000| PB 0x00000000c5d00000| Untracked |  0
|   26|0x00000000c5e00000, 0x00000000c5e00000, 0x00000000c5f00000|  0%| F|  |TAMS 0x00000000c5e00000| PB 0x00000000c5e00000| Untracked |  0
|   27|0x00000000c5f00000, 0x00000000c5f00000, 0x00000000c6000000|  0%| F|  |TAMS 0x00000000c5f00000| PB 0x00000000c5f00000| Untracked |  0
|   28|0x00000000c6000000, 0x00000000c6000000, 0x00000000c6100000|  0%| F|  |TAMS 0x00000000c6000000| PB 0x00000000c6000000| Untracked |  0
|   29|0x00000000c6100000, 0x00000000c6100000, 0x00000000c6200000|  0%| F|  |TAMS 0x00000000c6100000| PB 0x00000000c6100000| Untracked |  0
|   30|0x00000000c6200000, 0x00000000c6200000, 0x00000000c6300000|  0%| F|  |TAMS 0x00000000c6200000| PB 0x00000000c6200000| Untracked |  0
|   31|0x00000000c6300000, 0x00000000c6300000, 0x00000000c6400000|  0%| F|  |TAMS 0x00000000c6300000| PB 0x00000000c6300000| Untracked |  0
|   32|0x00000000c6400000, 0x00000000c6400000, 0x00000000c6500000|  0%| F|  |TAMS 0x00000000c6400000| PB 0x00000000c6400000| Untracked |  0
|   33|0x00000000c6500000, 0x00000000c6500000, 0x00000000c6600000|  0%| F|  |TAMS 0x00000000c6500000| PB 0x00000000c6500000| Untracked |  0
|   34|0x00000000c6600000, 0x00000000c6600000, 0x00000000c6700000|  0%| F|  |TAMS 0x00000000c6600000| PB 0x00000000c6600000| Untracked |  0
|   35|0x00000000c6700000, 0x00000000c6700000, 0x00000000c6800000|  0%| F|  |TAMS 0x00000000c6700000| PB 0x00000000c6700000| Untracked |  0
|   36|0x00000000c6800000, 0x00000000c6800000, 0x00000000c6900000|  0%| F|  |TAMS 0x00000000c6800000| PB 0x00000000c6800000| Untracked |  0
|   37|0x00000000c6900000, 0x00000000c6900000, 0x00000000c6a00000|  0%| F|  |TAMS 0x00000000c6900000| PB 0x00000000c6900000| Untracked |  0
|   38|0x00000000c6a00000, 0x00000000c6a00000, 0x00000000c6b00000|  0%| F|  |TAMS 0x00000000c6a00000| PB 0x00000000c6a00000| Untracked |  0
|   39|0x00000000c6b00000, 0x00000000c6b00000, 0x00000000c6c00000|  0%| F|  |TAMS 0x00000000c6b00000| PB 0x00000000c6b00000| Untracked |  0
|   40|0x00000000c6c00000, 0x00000000c6c00000, 0x00000000c6d00000|  0%| F|  |TAMS 0x00000000c6c00000| PB 0x00000000c6c00000| Untracked |  0
|   41|0x00000000c6d00000, 0x00000000c6d00000, 0x00000000c6e00000|  0%| F|  |TAMS 0x00000000c6d00000| PB 0x00000000c6d00000| Untracked |  0
|   42|0x00000000c6e00000, 0x00000000c6e00000, 0x00000000c6f00000|  0%| F|  |TAMS 0x00000000c6e00000| PB 0x00000000c6e00000| Untracked |  0
|   43|0x00000000c6f00000, 0x00000000c6f00000, 0x00000000c7000000|  0%| F|  |TAMS 0x00000000c6f00000| PB 0x00000000c6f00000| Untracked |  0
|   44|0x00000000c7000000, 0x00000000c7000000, 0x00000000c7100000|  0%| F|  |TAMS 0x00000000c7000000| PB 0x00000000c7000000| Untracked |  0
|   45|0x00000000c7100000, 0x00000000c7100000, 0x00000000c7200000|  0%| F|  |TAMS 0x00000000c7100000| PB 0x00000000c7100000| Untracked |  0
|   46|0x00000000c7200000, 0x00000000c7200000, 0x00000000c7300000|  0%| F|  |TAMS 0x00000000c7200000| PB 0x00000000c7200000| Untracked |  0
|   47|0x00000000c7300000, 0x00000000c7300000, 0x00000000c7400000|  0%| F|  |TAMS 0x00000000c7300000| PB 0x00000000c7300000| Untracked |  0
|   48|0x00000000c7400000, 0x00000000c7400000, 0x00000000c7500000|  0%| F|  |TAMS 0x00000000c7400000| PB 0x00000000c7400000| Untracked |  0
|   49|0x00000000c7500000, 0x00000000c7500000, 0x00000000c7600000|  0%| F|  |TAMS 0x00000000c7500000| PB 0x00000000c7500000| Untracked |  0
|   50|0x00000000c7600000, 0x00000000c7600000, 0x00000000c7700000|  0%| F|  |TAMS 0x00000000c7600000| PB 0x00000000c7600000| Untracked |  0
|   51|0x00000000c7700000, 0x00000000c7700000, 0x00000000c7800000|  0%| F|  |TAMS 0x00000000c7700000| PB 0x00000000c7700000| Untracked |  0
|   52|0x00000000c7800000, 0x00000000c7800000, 0x00000000c7900000|  0%| F|  |TAMS 0x00000000c7800000| PB 0x00000000c7800000| Untracked |  0
|   53|0x00000000c7900000, 0x00000000c7900000, 0x00000000c7a00000|  0%| F|  |TAMS 0x00000000c7900000| PB 0x00000000c7900000| Untracked |  0
|   54|0x00000000c7a00000, 0x00000000c7a00000, 0x00000000c7b00000|  0%| F|  |TAMS 0x00000000c7a00000| PB 0x00000000c7a00000| Untracked |  0
|   55|0x00000000c7b00000, 0x00000000c7b00000, 0x00000000c7c00000|  0%| F|  |TAMS 0x00000000c7b00000| PB 0x00000000c7b00000| Untracked |  0
|   56|0x00000000c7c00000, 0x00000000c7c00000, 0x00000000c7d00000|  0%| F|  |TAMS 0x00000000c7c00000| PB 0x00000000c7c00000| Untracked |  0
|   57|0x00000000c7d00000, 0x00000000c7d00000, 0x00000000c7e00000|  0%| F|  |TAMS 0x00000000c7d00000| PB 0x00000000c7d00000| Untracked |  0
|   58|0x00000000c7e00000, 0x00000000c7ed1408, 0x00000000c7f00000| 81%| E|CS|TAMS 0x00000000c7e00000| PB 0x00000000c7e00000| Complete  |  0
|   59|0x00000000c7f00000, 0x00000000c8000000, 0x00000000c8000000|100%| E|CS|TAMS 0x00000000c7f00000| PB 0x00000000c7f00000| Complete  |  0
|   60|0x00000000c8000000, 0x00000000c8100000, 0x00000000c8100000|100%| E|CS|TAMS 0x00000000c8000000| PB 0x00000000c8000000| Complete  |  0
|   61|0x00000000c8100000, 0x00000000c8200000, 0x00000000c8200000|100%| E|CS|TAMS 0x00000000c8100000| PB 0x00000000c8100000| Complete  |  0
|   62|0x00000000c8200000, 0x00000000c8300000, 0x00000000c8300000|100%| E|CS|TAMS 0x00000000c8200000| PB 0x00000000c8200000| Complete  |  0
|   63|0x00000000c8300000, 0x00000000c8400000, 0x00000000c8400000|100%| E|CS|TAMS 0x00000000c8300000| PB 0x00000000c8300000| Complete  |  0
|   64|0x00000000c8400000, 0x00000000c8500000, 0x00000000c8500000|100%| E|CS|TAMS 0x00000000c8400000| PB 0x00000000c8400000| Complete  |  0
|  954|0x00000000ffe00000, 0x00000000fff00000, 0x00000000fff00000|100%| O|  |TAMS 0x00000000ffe00000| PB 0x00000000ffe00000| Untracked |  0
|  955|0x00000000fff00000, 0x0000000100000000, 0x0000000100000000|100%| E|CS|TAMS 0x00000000fff00000| PB 0x00000000fff00000| Complete  |  0

Card table byte_map: [0x00000216fdd30000,0x00000216fdf10000] _byte_map_base: 0x00000216fd70e000
Refinement table byte_map: [0x00000216fdf10000,0x00000216fe0f0000] _byte_map_base: 0x00000216fd8ee000

Marking Bits: (CMBitMap*) 0x00000216e5914a50
 Bits: [0x00000216fe0f0000, 0x00000216fefe0000)

Polling page: 0x00000216e38c0000

Metaspace:
Metaspace        used 18103K, committed 18432K, reserved 1114112K
 class space     used 2496K, committed 2624K, reserved 1048576K

Usage:
  Non-class:     15.24 MB used.
      Class:      2.44 MB used.
       Both:     17.68 MB used.

Virtual space:
  Non-class space:       64.00 MB reserved,      15.44 MB ( 24%) committed,  1 nodes.
      Class space:        1.00 GB reserved,       2.56 MB ( <1%) committed,  1 nodes.
             Both:        1.06 GB reserved,      18.00 MB (  2%) committed. 

Chunk freelists:
   Non-Class:  144.00 KB
       Class:  13.25 MB
        Both:  13.39 MB

MaxMetaspaceSize: unlimited
CompressedClassSpaceSize: 1.00 GB
Initial GC threshold: 21.00 MB
Current GC threshold: 21.00 MB
CDS: on
 - commit_granule_bytes: 65536.
 - commit_granule_words: 8192.
 - virtual_space_node_default_size: 8388608.
 - enlarge_chunks_in_place: 1.
UseCompressedClassPointers 1, UseCompactObjectHeaders 0
Narrow klass pointer bits 32, Max shift 3
Narrow klass base: 0x000000001e000000, Narrow klass shift: 0
Encoding Range: [0x000000001e000000 - 0x000000011e000000), (4294967296 bytes)
Klass Range:    [0x000000001e000000 - 0x000000005f000000), (1090519040 bytes)
Klass ID Range:  [8 - 1090519033) (1090519025)
Protection zone: [0x000000001e000000 - 0x000000001e010000), (65536 bytes)


Internal statistics:

num_allocs_failed_limit: 0.
num_arena_births: 298.
num_arena_deaths: 0.
num_vsnodes_births: 2.
num_vsnodes_deaths: 0.
num_space_committed: 288.
num_space_uncommitted: 0.
num_chunks_returned_to_freelist: 0.
num_chunks_taken_from_freelist: 918.
num_chunk_merges: 0.
num_chunk_splits: 599.
num_chunks_enlarged: 448.
num_inconsistent_stats: 0.

CodeHeap 'non-profiled nmethods': size=120064Kb used=871Kb max_used=871Kb free=119193Kb
 bounds [0x00000216f62d0000, 0x00000216f6540000, 0x00000216fd810000]
CodeHeap 'profiled nmethods': size=120064Kb used=3915Kb max_used=3915Kb free=116148Kb
 bounds [0x00000216ee7f0000, 0x00000216eebd0000, 0x00000216f5d30000]
CodeHeap 'non-nmethods': size=5760Kb used=1519Kb max_used=1630Kb free=4240Kb
 bounds [0x00000216f5d30000, 0x00000216f5fa0000, 0x00000216f62d0000]
CodeCache: size=245888Kb, used=6305Kb, max_used=6416Kb, free=239581Kb
 total_blobs=3064, nmethods=2552, adapters=415, full_count=0
Compilation: enabled, stopped_count=0, restarted_count=0

Compilation events (20 events):
Event: 3.279 Thread 0x00000216ff99e6e0 nmethod 2555 0x00000216f63a8788 code [0x00000216f63a8880, 0x00000216f63a8900]
Event: 3.279 Thread 0x00000216ff99e6e0 2543       4       java.util.stream.ReferencePipeline$2$1::accept (24 bytes)
Event: 3.279 Thread 0x00000216ff9a6f00 2561       3       ch.qos.logback.core.subst.Tokenizer::handleLiteralState (141 bytes)
Event: 3.279 Thread 0x00000216ff9a6f00 nmethod 2561 0x00000216eebae288 code [0x00000216eebae380, 0x00000216eebaeee8]
Event: 3.280 Thread 0x00000216ff99e6e0 nmethod 2543 0x00000216f63a8a88 code [0x00000216f63a8b80, 0x00000216f63a8c48]
Event: 3.280 Thread 0x00000216ff99e6e0 2560   !   4       java.lang.invoke.MemberName::getMethodType (213 bytes)
Event: 3.281 Thread 0x00000216ff9a6f00 2563       3       java.lang.ProcessEnvironment$NameComparator::compare (90 bytes)
Event: 3.281 Thread 0x00000216ff99e6e0 nmethod 2560 0x00000216f63a8d88 code [0x00000216f63a8e80, 0x00000216f63a92a8]
Event: 3.281 Thread 0x00000216ff99e6e0 2461       4       jdk.internal.classfile.impl.SplitConstantPool::tryFindClassOrInterface (138 bytes)
Event: 3.287 Thread 0x00000216ff9a6f00 nmethod 2563 0x00000216eebaef08 code [0x00000216eebaf000, 0x00000216eebb05b0]
Event: 3.287 Thread 0x00000216ff9a6f00 2562       3       java.lang.ProcessEnvironment$NameComparator::compare (13 bytes)
Event: 3.287 Thread 0x00000216ff9a6f00 nmethod 2562 0x00000216eebb0608 code [0x00000216eebb0700, 0x00000216eebb0a40]
Event: 3.287 Thread 0x00000216ff9a6f00 2564       3       ch.qos.logback.core.subst.Parser::peekAtCurentToken (35 bytes)
Event: 3.287 Thread 0x00000216ff9a6f00 nmethod 2564 0x00000216eebb0a88 code [0x00000216eebb0b80, 0x00000216eebb0f50]
Event: 3.288 Thread 0x00000216ff9a6f00 2565       3       java.util.logging.LogManager::getProperty (9 bytes)
Event: 3.288 Thread 0x00000216ff9a6f00 nmethod 2565 0x00000216eebb0f88 code [0x00000216eebb1080, 0x00000216eebb1248]
Event: 3.288 Thread 0x00000216ff9a6f00 2566       3       java.lang.invoke.ClassSpecializer$SpeciesData::getterFunction (78 bytes)
Event: 3.288 Thread 0x00000216ff9a6f00 nmethod 2566 0x00000216eebb1288 code [0x00000216eebb1380, 0x00000216eebb1648]
Event: 3.292 Thread 0x00000216ff9a6f00 2567       3       java.lang.AbstractStringBuilder::setLength (76 bytes)
Event: 3.292 Thread 0x00000216ff9a6f00 nmethod 2567 0x00000216eebb1688 code [0x00000216eebb1780, 0x00000216eebb1c60]

GC Heap Usage History (20 events):
Event: 1.414 {heap Before GC invocations=5 (full 0):
 garbage-first heap   total reserved 978944K, committed 10240K, used 6577K [0x00000000c4400000, 0x0000000100000000)
  region size 1M, 1 eden (1M), 1 survivor (1M), 6 old (6M), 0 humongous (0M), 2 free (2M)
}
Event: 1.415 {heap After GC invocations=6 (full 0):
 garbage-first heap   total reserved 978944K, committed 10240K, used 5704K [0x00000000c4400000, 0x0000000100000000)
  region size 1M, 0 eden (0M), 1 survivor (1M), 6 old (6M), 0 humongous (0M), 3 free (3M)
}
Event: 1.455 {heap Before GC invocations=6 (full 0):
 garbage-first heap   total reserved 978944K, committed 10240K, used 6728K [0x00000000c4400000, 0x0000000100000000)
  region size 1M, 1 eden (1M), 1 survivor (1M), 6 old (6M), 0 humongous (0M), 2 free (2M)
}
Event: 1.457 {heap After GC invocations=7 (full 0):
 garbage-first heap   total reserved 978944K, committed 10240K, used 5802K [0x00000000c4400000, 0x0000000100000000)
  region size 1M, 0 eden (0M), 1 survivor (1M), 6 old (6M), 0 humongous (0M), 3 free (3M)
}
Event: 1.488 {heap Before GC invocations=8 (full 0):
 garbage-first heap   total reserved 978944K, committed 10240K, used 6826K [0x00000000c4400000, 0x0000000100000000)
  region size 1M, 1 eden (1M), 1 survivor (1M), 6 old (6M), 0 humongous (0M), 2 free (2M)
}
Event: 1.489 {heap After GC invocations=9 (full 0):
 garbage-first heap   total reserved 978944K, committed 10240K, used 5905K [0x00000000c4400000, 0x0000000100000000)
  region size 1M, 0 eden (0M), 1 survivor (1M), 6 old (6M), 0 humongous (0M), 3 free (3M)
}
Event: 1.512 {heap Before GC invocations=9 (full 0):
 garbage-first heap   total reserved 978944K, committed 10240K, used 6929K [0x00000000c4400000, 0x0000000100000000)
  region size 1M, 1 eden (1M), 1 survivor (1M), 6 old (6M), 0 humongous (0M), 2 free (2M)
}
Event: 1.514 {heap After GC invocations=10 (full 0):
 garbage-first heap   total reserved 978944K, committed 10240K, used 5919K [0x00000000c4400000, 0x0000000100000000)
  region size 1M, 0 eden (0M), 1 survivor (1M), 6 old (6M), 0 humongous (0M), 3 free (3M)
}
Event: 1.539 {heap Before GC invocations=10 (full 0):
 garbage-first heap   total reserved 978944K, committed 10240K, used 6943K [0x00000000c4400000, 0x0000000100000000)
  region size 1M, 1 eden (1M), 1 survivor (1M), 6 old (6M), 0 humongous (0M), 2 free (2M)
}
Event: 1.540 {heap After GC invocations=11 (full 0):
 garbage-first heap   total reserved 978944K, committed 10240K, used 5964K [0x00000000c4400000, 0x0000000100000000)
  region size 1M, 0 eden (0M), 1 survivor (1M), 6 old (6M), 0 humongous (0M), 3 free (3M)
}
Event: 1.562 {heap Before GC invocations=12 (full 0):
 garbage-first heap   total reserved 978944K, committed 10240K, used 6988K [0x00000000c4400000, 0x0000000100000000)
  region size 1M, 1 eden (1M), 1 survivor (1M), 6 old (6M), 0 humongous (0M), 2 free (2M)
}
Event: 1.563 {heap After GC invocations=13 (full 0):
 garbage-first heap   total reserved 978944K, committed 30720K, used 6007K [0x00000000c4400000, 0x0000000100000000)
  region size 1M, 0 eden (0M), 1 survivor (1M), 6 old (6M), 0 humongous (0M), 23 free (23M)
}
Event: 1.815 {heap Before GC invocations=13 (full 0):
 garbage-first heap   total reserved 978944K, committed 30720K, used 19319K [0x00000000c4400000, 0x0000000100000000)
  region size 1M, 14 eden (14M), 1 survivor (1M), 6 old (6M), 0 humongous (0M), 9 free (9M)
}
Event: 1.818 {heap After GC invocations=14 (full 0):
 garbage-first heap   total reserved 978944K, committed 30720K, used 7224K [0x00000000c4400000, 0x0000000100000000)
  region size 1M, 0 eden (0M), 2 survivor (2M), 6 old (6M), 0 humongous (0M), 22 free (22M)
}
Event: 2.100 {heap Before GC invocations=14 (full 0):
 garbage-first heap   total reserved 978944K, committed 30720K, used 23608K [0x00000000c4400000, 0x0000000100000000)
  region size 1M, 16 eden (16M), 2 survivor (2M), 6 old (6M), 0 humongous (0M), 6 free (6M)
}
Event: 2.104 {heap After GC invocations=15 (full 0):
 garbage-first heap   total reserved 978944K, committed 30720K, used 8376K [0x00000000c4400000, 0x0000000100000000)
  region size 1M, 0 eden (0M), 3 survivor (3M), 6 old (6M), 0 humongous (0M), 21 free (21M)
}
Event: 2.582 {heap Before GC invocations=15 (full 0):
 garbage-first heap   total reserved 978944K, committed 30720K, used 23736K [0x00000000c4400000, 0x0000000100000000)
  region size 1M, 15 eden (15M), 3 survivor (3M), 6 old (6M), 0 humongous (0M), 6 free (6M)
}
Event: 2.589 {heap After GC invocations=16 (full 0):
 garbage-first heap   total reserved 978944K, committed 30720K, used 9532K [0x00000000c4400000, 0x0000000100000000)
  region size 1M, 0 eden (0M), 3 survivor (3M), 7 old (7M), 0 humongous (0M), 20 free (20M)
}
Event: 3.281 {heap Before GC invocations=16 (full 0):
 garbage-first heap   total reserved 978944K, committed 30720K, used 24892K [0x00000000c4400000, 0x0000000100000000)
  region size 1M, 15 eden (15M), 3 survivor (3M), 7 old (7M), 0 humongous (0M), 5 free (5M)
}
Event: 3.286 {heap After GC invocations=17 (full 0):
 garbage-first heap   total reserved 978944K, committed 68608K, used 10782K [0x00000000c4400000, 0x0000000100000000)
  region size 1M, 0 eden (0M), 3 survivor (3M), 9 old (9M), 0 humongous (0M), 55 free (55M)
}

Metaspace Usage History (20 events):
Event: 1.414 {metaspace Before GC invocations=5 (full 0):
 Metaspace       used 2048K, committed 2176K, reserved 1114112K
  class space    used 195K, committed 256K, reserved 1048576K
}
Event: 1.415 {metaspace After GC invocations=6 (full 0):
 Metaspace       used 2048K, committed 2176K, reserved 1114112K
  class space    used 195K, committed 256K, reserved 1048576K
}
Event: 1.455 {metaspace Before GC invocations=6 (full 0):
 Metaspace       used 2239K, committed 2368K, reserved 1114112K
  class space    used 220K, committed 256K, reserved 1048576K
}
Event: 1.457 {metaspace After GC invocations=7 (full 0):
 Metaspace       used 2239K, committed 2368K, reserved 1114112K
  class space    used 220K, committed 256K, reserved 1048576K
}
Event: 1.488 {metaspace Before GC invocations=8 (full 0):
 Metaspace       used 2514K, committed 2688K, reserved 1114112K
  class space    used 252K, committed 320K, reserved 1048576K
}
Event: 1.489 {metaspace After GC invocations=9 (full 0):
 Metaspace       used 2514K, committed 2688K, reserved 1114112K
  class space    used 252K, committed 320K, reserved 1048576K
}
Event: 1.512 {metaspace Before GC invocations=9 (full 0):
 Metaspace       used 2712K, committed 2944K, reserved 1114112K
  class space    used 276K, committed 384K, reserved 1048576K
}
Event: 1.514 {metaspace After GC invocations=10 (full 0):
 Metaspace       used 2712K, committed 2944K, reserved 1114112K
  class space    used 276K, committed 384K, reserved 1048576K
}
Event: 1.539 {metaspace Before GC invocations=10 (full 0):
 Metaspace       used 2991K, committed 3136K, reserved 1114112K
  class space    used 313K, committed 384K, reserved 1048576K
}
Event: 1.540 {metaspace After GC invocations=11 (full 0):
 Metaspace       used 2991K, committed 3136K, reserved 1114112K
  class space    used 313K, committed 384K, reserved 1048576K
}
Event: 1.562 {metaspace Before GC invocations=12 (full 0):
 Metaspace       used 3158K, committed 3392K, reserved 1114112K
  class space    used 337K, committed 448K, reserved 1048576K
}
Event: 1.563 {metaspace After GC invocations=13 (full 0):
 Metaspace       used 3158K, committed 3392K, reserved 1114112K
  class space    used 337K, committed 448K, reserved 1048576K
}
Event: 1.815 {metaspace Before GC invocations=13 (full 0):
 Metaspace       used 5749K, committed 5888K, reserved 1114112K
  class space    used 694K, committed 768K, reserved 1048576K
}
Event: 1.818 {metaspace After GC invocations=14 (full 0):
 Metaspace       used 5749K, committed 5888K, reserved 1114112K
  class space    used 694K, committed 768K, reserved 1048576K
}
Event: 2.100 {metaspace Before GC invocations=14 (full 0):
 Metaspace       used 8880K, committed 9152K, reserved 1114112K
  class space    used 1188K, committed 1344K, reserved 1048576K
}
Event: 2.104 {metaspace After GC invocations=15 (full 0):
 Metaspace       used 8880K, committed 9152K, reserved 1114112K
  class space    used 1188K, committed 1344K, reserved 1048576K
}
Event: 2.582 {metaspace Before GC invocations=15 (full 0):
 Metaspace       used 12833K, committed 13120K, reserved 1114112K
  class space    used 1736K, committed 1856K, reserved 1048576K
}
Event: 2.589 {metaspace After GC invocations=16 (full 0):
 Metaspace       used 12833K, committed 13120K, reserved 1114112K
  class space    used 1736K, committed 1856K, reserved 1048576K
}
Event: 3.281 {metaspace Before GC invocations=16 (full 0):
 Metaspace       used 16198K, committed 16448K, reserved 1114112K
  class space    used 2232K, committed 2368K, reserved 1048576K
}
Event: 3.286 {metaspace After GC invocations=17 (full 0):
 Metaspace       used 16198K, committed 16448K, reserved 1114112K
  class space    used 2232K, committed 2368K, reserved 1048576K
}

Dll operation events (14 events):
Event: 0.050 Attempting to load shared library C:\Users\DELL\AppData\Roaming\Code\User\globalStorage\pleiades.java-extension-pack-jdk\java\latest\bin\java.dll
Event: 0.059 Loaded shared library C:\Users\DELL\AppData\Roaming\Code\User\globalStorage\pleiades.java-extension-pack-jdk\java\latest\bin\java.dll
Event: 0.232 Attempting to load shared library C:\Users\DELL\AppData\Roaming\Code\User\globalStorage\pleiades.java-extension-pack-jdk\java\latest\bin\net.dll
Event: 0.233 Loaded shared library C:\Users\DELL\AppData\Roaming\Code\User\globalStorage\pleiades.java-extension-pack-jdk\java\latest\bin\net.dll
Event: 0.246 Attempting to load shared library C:\Users\DELL\AppData\Roaming\Code\User\globalStorage\pleiades.java-extension-pack-jdk\java\latest\bin\nio.dll
Event: 0.247 Loaded shared library C:\Users\DELL\AppData\Roaming\Code\User\globalStorage\pleiades.java-extension-pack-jdk\java\latest\bin\nio.dll
Event: 0.251 Attempting to load shared library C:\Users\DELL\AppData\Roaming\Code\User\globalStorage\pleiades.java-extension-pack-jdk\java\latest\bin\zip.dll
Event: 0.252 Loaded shared library C:\Users\DELL\AppData\Roaming\Code\User\globalStorage\pleiades.java-extension-pack-jdk\java\latest\bin\zip.dll
Event: 0.346 Attempting to load shared library C:\Users\DELL\AppData\Roaming\Code\User\globalStorage\pleiades.java-extension-pack-jdk\java\latest\bin\management.dll
Event: 0.883 Loaded shared library C:\Users\DELL\AppData\Roaming\Code\User\globalStorage\pleiades.java-extension-pack-jdk\java\latest\bin\management.dll
Event: 0.888 Attempting to load shared library C:\Users\DELL\AppData\Roaming\Code\User\globalStorage\pleiades.java-extension-pack-jdk\java\latest\bin\management_ext.dll
Event: 0.959 Loaded shared library C:\Users\DELL\AppData\Roaming\Code\User\globalStorage\pleiades.java-extension-pack-jdk\java\latest\bin\management_ext.dll
Event: 0.982 Attempting to load shared library C:\Users\DELL\AppData\Roaming\Code\User\globalStorage\pleiades.java-extension-pack-jdk\java\latest\bin\jimage.dll
Event: 0.982 Loaded shared library C:\Users\DELL\AppData\Roaming\Code\User\globalStorage\pleiades.java-extension-pack-jdk\java\latest\bin\jimage.dll

Deoptimization events (20 events):
Event: 2.509 Thread 0x00000216e35ae140 DEOPT PACKING pc=0x00000216eeb10a00 sp=0x0000004e2d9fb8e0
Event: 2.509 Thread 0x00000216e35ae140 DEOPT UNPACKING pc=0x00000216f5d815a2 sp=0x0000004e2d9fad70 mode 0
Event: 2.557 Thread 0x00000216e35ae140 Uncommon trap: trap_request=0xffffff45 fr.pc=0x00000216f631f13c relative=0x000000000000033c
Event: 2.557 Thread 0x00000216e35ae140 Uncommon trap: reason=unstable_if action=reinterpret pc=0x00000216f631f13c method=java.util.HashMap.hash(Ljava/lang/Object;)I @ 1 c2
Event: 2.557 Thread 0x00000216e35ae140 DEOPT PACKING pc=0x00000216f631f13c sp=0x0000004e2d9fc270
Event: 2.557 Thread 0x00000216e35ae140 DEOPT UNPACKING pc=0x00000216f5e65302 sp=0x0000004e2d9fc168 mode 2
Event: 2.653 Thread 0x00000216e35ae140 DEOPT PACKING pc=0x00000216eeb10a00 sp=0x0000004e2d9fc350
Event: 2.653 Thread 0x00000216e35ae140 DEOPT UNPACKING pc=0x00000216f5d815a2 sp=0x0000004e2d9fb7e0 mode 0
Event: 2.806 Thread 0x00000216e35ae140 DEOPT PACKING pc=0x00000216eeaf0584 sp=0x0000004e2d9fac10
Event: 2.806 Thread 0x00000216e35ae140 DEOPT UNPACKING pc=0x00000216f5d815a2 sp=0x0000004e2d9fa0f8 mode 0
Event: 2.850 Thread 0x00000216e35ae140 DEOPT PACKING pc=0x00000216eeb10a00 sp=0x0000004e2d9f7210
Event: 2.850 Thread 0x00000216e35ae140 DEOPT UNPACKING pc=0x00000216f5d815a2 sp=0x0000004e2d9f66a0 mode 0
Event: 2.895 Thread 0x00000216e35ae140 DEOPT PACKING pc=0x00000216eeae8a54 sp=0x0000004e2d9fa450
Event: 2.895 Thread 0x00000216e35ae140 DEOPT UNPACKING pc=0x00000216f5d815a2 sp=0x0000004e2d9f9970 mode 0
Event: 2.914 Thread 0x00000216e35ae140 Uncommon trap: trap_request=0xffffff45 fr.pc=0x00000216f6307000 relative=0x0000000000000200
Event: 2.914 Thread 0x00000216e35ae140 Uncommon trap: reason=unstable_if action=reinterpret pc=0x00000216f6307000 method=java.lang.String.startsWith(Ljava/lang/String;I)Z @ 1 c2
Event: 2.914 Thread 0x00000216e35ae140 DEOPT PACKING pc=0x00000216f6307000 sp=0x0000004e2d9fa790
Event: 2.914 Thread 0x00000216e35ae140 DEOPT UNPACKING pc=0x00000216f5e65302 sp=0x0000004e2d9fa720 mode 2
Event: 2.991 Thread 0x00000216e35ae140 DEOPT PACKING pc=0x00000216eeb10a00 sp=0x0000004e2d9fa920
Event: 2.991 Thread 0x00000216e35ae140 DEOPT UNPACKING pc=0x00000216f5d815a2 sp=0x0000004e2d9f9db0 mode 0

Classes loaded (20 events):
Event: 3.240 Loading class jdk/internal/io/JdkConsole
Event: 3.240 Loading class jdk/internal/io/JdkConsole done
Event: 3.241 Loading class java/util/AbstractMap$2
Event: 3.241 Loading class java/util/AbstractMap$2 done
Event: 3.242 Loading class java/util/AbstractMap$ValueIterator
Event: 3.242 Loading class java/util/AbstractMap$ValueIterator done
Event: 3.242 Loading class java/io/Console$1
Event: 3.242 Loading class jdk/internal/access/JavaIOAccess
Event: 3.242 Loading class jdk/internal/access/JavaIOAccess done
Event: 3.242 Loading class java/io/Console$1 done
Event: 3.268 Loading class java/util/Collections$UnmodifiableMap$UnmodifiableEntrySet$UnmodifiableEntrySetSpliterator
Event: 3.269 Loading class java/util/Collections$UnmodifiableMap$UnmodifiableEntrySet$UnmodifiableEntrySetSpliterator done
Event: 3.269 Loading class java/util/HashMap$EntrySpliterator
Event: 3.271 Loading class java/util/HashMap$EntrySpliterator done
Event: 3.280 Loading class java/util/Stack
Event: 3.280 Loading class java/util/Vector
Event: 3.281 Loading class java/util/Vector done
Event: 3.281 Loading class java/util/Stack done
Event: 3.281 Loading class java/util/Vector$Itr
Event: 3.281 Loading class java/util/Vector$Itr done

Classes unloaded (0 events):
No events

Classes redefined (0 events):
No events

Internal exceptions (20 events):
Event: 2.554 Thread 0x00000216e35ae140 Exception <a 'java/lang/NoSuchMethodError'{0x00000000c53eca78}: 'java.lang.Object java.lang.invoke.DirectMethodHandle$Holder.newInvokeSpecial(java.lang.Object, java.lang.Object, java.lang.Object, java.lang.Object, java.lang.Object, java.lang.Object, java.lang.Object, int)'> (0x00000000c53eca78) 
thrown [s\src\hotspot\share\interpreter\linkResolver.cpp, line 804]
Event: 2.556 Thread 0x00000216e35ae140 Exception <a 'java/lang/NoSuchMethodError'{0x00000000c5219050}: 'java.lang.Object java.lang.invoke.DirectMethodHandle$Holder.newInvokeSpecial(java.lang.Object, java.lang.Object, java.lang.Object, java.lang.Object, java.lang.Object, int)'> (0x00000000c5219050) 
thrown [s\src\hotspot\share\interpreter\linkResolver.cpp, line 804]
Event: 2.556 Thread 0x00000216e35ae140 Exception <a 'java/lang/NoSuchMethodError'{0x00000000c52220a0}: 'java.lang.Object java.lang.invoke.DirectMethodHandle$Holder.invokeSpecial(java.lang.Object, java.lang.Object, java.lang.Object, java.lang.Object, java.lang.Object, java.lang.Object, int)'> (0x00000000c52220a0) 
thrown [s\src\hotspot\share\interpreter\linkResolver.cpp, line 804]
Event: 2.557 Thread 0x00000216e35ae140 Exception <a 'java/lang/NoSuchMethodError'{0x00000000c522a830}: 'java.lang.Object java.lang.invoke.Invokers$Holder.linkToTargetMethod(java.lang.Object, java.lang.Object, java.lang.Object, java.lang.Object, int, java.lang.Object)'> (0x00000000c522a830) 
thrown [s\src\hotspot\share\interpreter\linkResolver.cpp, line 804]
Event: 2.557 Thread 0x00000216e35ae140 Implicit null exception at 0x00000216f631ee4c to 0x00000216f631f124
Event: 2.637 Thread 0x00000216e35ae140 Exception <a 'java/lang/NoSuchMethodError'{0x00000000fffee468}: 'java.lang.Object java.lang.invoke.DirectMethodHandle$Holder.invokeInterface(java.lang.Object, java.lang.Object, java.lang.Object, java.lang.Object)'> (0x00000000fffee468) 
thrown [s\src\hotspot\share\interpreter\linkResolver.cpp, line 804]
Event: 2.640 Thread 0x00000216e35ae140 Exception <a 'java/lang/NoSuchMethodError'{0x00000000c5f17bc8}: 'java.lang.Object java.lang.invoke.DirectMethodHandle$Holder.newInvokeSpecial(java.lang.Object, java.lang.Object, java.lang.Object, java.lang.Object, int)'> (0x00000000c5f17bc8) 
thrown [s\src\hotspot\share\interpreter\linkResolver.cpp, line 804]
Event: 2.640 Thread 0x00000216e35ae140 Exception <a 'java/lang/NoSuchMethodError'{0x00000000c5f207f0}: 'java.lang.Object java.lang.invoke.DirectMethodHandle$Holder.invokeSpecial(java.lang.Object, java.lang.Object, java.lang.Object, java.lang.Object, java.lang.Object, int)'> (0x00000000c5f207f0) 
thrown [s\src\hotspot\share\interpreter\linkResolver.cpp, line 804]
Event: 2.641 Thread 0x00000216e35ae140 Exception <a 'java/lang/NoSuchMethodError'{0x00000000c5f28c00}: 'java.lang.Object java.lang.invoke.Invokers$Holder.linkToTargetMethod(java.lang.Object, java.lang.Object, java.lang.Object, int, java.lang.Object)'> (0x00000000c5f28c00) 
thrown [s\src\hotspot\share\interpreter\linkResolver.cpp, line 804]
Event: 2.650 Thread 0x00000216e35ae140 Exception <a 'java/lang/NoSuchMethodError'{0x00000000c5f80fa0}: 'java.lang.Object java.lang.invoke.DirectMethodHandle$Holder.invokeInterface(java.lang.Object, java.lang.Object, java.lang.Object, java.lang.Object, java.lang.Object)'> (0x00000000c5f80fa0) 
thrown [s\src\hotspot\share\interpreter\linkResolver.cpp, line 804]
Event: 2.650 Thread 0x00000216e35ae140 Exception <a 'java/lang/IncompatibleClassChangeError'{0x00000000c5f89408}: Found class java.lang.Object, but interface was expected> (0x00000000c5f89408) 
thrown [s\src\hotspot\share\interpreter\linkResolver.cpp, line 871]
Event: 2.836 Thread 0x00000216e35ae140 Exception <a 'java/lang/NoSuchMethodError'{0x00000000c5c464d0}: 'java.lang.Object java.lang.invoke.DirectMethodHandle$Holder.invokeInterface(java.lang.Object, java.lang.Object, java.lang.Object)'> (0x00000000c5c464d0) 
thrown [s\src\hotspot\share\interpreter\linkResolver.cpp, line 804]
Event: 2.876 Thread 0x00000216e35ae140 Exception <a 'java/lang/IncompatibleClassChangeError'{0x00000000c5a00180}: Found class java.lang.Object, but interface was expected> (0x00000000c5a00180) 
thrown [s\src\hotspot\share\interpreter\linkResolver.cpp, line 871]
Event: 2.884 Thread 0x00000216e35ae140 Exception <a 'sun/nio/fs/WindowsException'{0x00000000c5a39230}> (0x00000000c5a39230) 
thrown [s\src\hotspot\share\prims\jni.cpp, line 514]
Event: 2.923 Thread 0x00000216e35ae140 Exception <a 'java/lang/NoSuchMethodError'{0x00000000c596d100}: 'java.lang.Object java.lang.invoke.DirectMethodHandle$Holder.invokeStaticInit(java.lang.Object, int, int, int, int)'> (0x00000000c596d100) 
thrown [s\src\hotspot\share\interpreter\linkResolver.cpp, line 804]
Event: 2.959 Thread 0x00000216e35ae140 Exception <a 'java/lang/NoSuchMethodError'{0x00000000c58cbe78}: 'java.lang.Object java.lang.invoke.Invokers$Holder.invokeExact_MT(java.lang.Object, java.lang.Object, java.lang.Object, java.lang.Object, java.lang.Object)'> (0x00000000c58cbe78) 
thrown [s\src\hotspot\share\interpreter\linkResolver.cpp, line 804]
Event: 2.966 Thread 0x00000216e35ae140 Exception <a 'java/lang/NoSuchMethodError'{0x00000000c57336f0}: 'java.lang.Object java.lang.invoke.DirectMethodHandle$Holder.newInvokeSpecial(java.lang.Object, java.lang.Object, java.lang.Object, java.lang.Object, java.lang.Object, java.lang.Object, int)'> (0x00000000c57336f0) 
thrown [s\src\hotspot\share\interpreter\linkResolver.cpp, line 804]
Event: 2.967 Thread 0x00000216e35ae140 Exception <a 'java/lang/NoSuchMethodError'{0x00000000c573c9f8}: 'java.lang.Object java.lang.invoke.Invokers$Holder.linkToTargetMethod(java.lang.Object, java.lang.Object, java.lang.Object, java.lang.Object, java.lang.Object, int, java.lang.Object)'> (0x00000000c573c9f8) 
thrown [s\src\hotspot\share\interpreter\linkResolver.cpp, line 804]
Event: 3.176 Thread 0x00000216e35ae140 Exception <a 'java/lang/NoSuchMethodError'{0x00000000c55a2ad8}: 'java.lang.Object java.lang.invoke.DirectMethodHandle$Holder.newInvokeSpecial(java.lang.Object, java.lang.Object, java.lang.Object, int, java.lang.Object)'> (0x00000000c55a2ad8) 
thrown [s\src\hotspot\share\interpreter\linkResolver.cpp, line 804]
Event: 3.176 Thread 0x00000216e35ae140 Exception <a 'java/lang/NoSuchMethodError'{0x00000000c55ab628}: 'java.lang.Object java.lang.invoke.Invokers$Holder.linkToTargetMethod(java.lang.Object, java.lang.Object, int, java.lang.Object, java.lang.Object)'> (0x00000000c55ab628) 
thrown [s\src\hotspot\share\interpreter\linkResolver.cpp, line 804]

VM Operations (20 events):
Event: 2.332 Executing non-safepoint VM operation: HandshakeAllThreads (Deoptimize)
Event: 2.333 Executing non-safepoint VM operation: HandshakeAllThreads (Deoptimize) done
Event: 2.339 Executing non-safepoint VM operation: HandshakeAllThreads (Deoptimize)
Event: 2.339 Executing non-safepoint VM operation: HandshakeAllThreads (Deoptimize) done
Event: 2.398 Executing non-safepoint VM operation: HandshakeAllThreads (Deoptimize)
Event: 2.398 Executing non-safepoint VM operation: HandshakeAllThreads (Deoptimize) done
Event: 2.434 Executing non-safepoint VM operation: HandshakeAllThreads (Deoptimize)
Event: 2.434 Executing non-safepoint VM operation: HandshakeAllThreads (Deoptimize) done
Event: 2.582 Executing safepoint VM operation: G1CollectForAllocation (G1 Evacuation Pause)
Event: 2.589 Executing safepoint VM operation: G1CollectForAllocation (G1 Evacuation Pause) done
Event: 2.654 Executing non-safepoint VM operation: HandshakeAllThreads (Deoptimize)
Event: 2.654 Executing non-safepoint VM operation: HandshakeAllThreads (Deoptimize) done
Event: 2.885 Executing non-safepoint VM operation: HandshakeAllThreads (Deoptimize)
Event: 2.885 Executing non-safepoint VM operation: HandshakeAllThreads (Deoptimize) done
Event: 2.895 Executing non-safepoint VM operation: HandshakeAllThreads (Deoptimize)
Event: 2.895 Executing non-safepoint VM operation: HandshakeAllThreads (Deoptimize) done
Event: 3.238 Executing non-safepoint VM operation: HandshakeAllThreads (Deoptimize)
Event: 3.238 Executing non-safepoint VM operation: HandshakeAllThreads (Deoptimize) done
Event: 3.281 Executing safepoint VM operation: G1CollectForAllocation (G1 Evacuation Pause)
Event: 3.286 Executing safepoint VM operation: G1CollectForAllocation (G1 Evacuation Pause) done

Memory protections (0 events):
No events

Nmethod flushes (20 events):
Event: 1.460 Thread 0x00000216e5989b80 flushing  nmethod 0x00000216ee803188
Event: 1.460 Thread 0x00000216e5989b80 flushing  nmethod 0x00000216ee803708
Event: 1.460 Thread 0x00000216e5989b80 flushing  nmethod 0x00000216ee803e88
Event: 1.460 Thread 0x00000216e5989b80 flushing  nmethod 0x00000216ee808a88
Event: 1.460 Thread 0x00000216e5989b80 flushing  nmethod 0x00000216ee80a608
Event: 1.460 Thread 0x00000216e5989b80 flushing  nmethod 0x00000216ee80aa88
Event: 1.460 Thread 0x00000216e5989b80 flushing  nmethod 0x00000216ee80b388
Event: 1.460 Thread 0x00000216e5989b80 flushing  nmethod 0x00000216ee80b908
Event: 1.460 Thread 0x00000216e5989b80 flushing  nmethod 0x00000216ee823188
Event: 1.543 Thread 0x00000216e5989b80 flushing  nmethod 0x00000216f62e5e08
Event: 1.543 Thread 0x00000216e5989b80 flushing  nmethod 0x00000216ee7f4e08
Event: 1.543 Thread 0x00000216e5989b80 flushing  nmethod 0x00000216ee7f7108
Event: 1.543 Thread 0x00000216e5989b80 flushing  nmethod 0x00000216ee805188
Event: 1.543 Thread 0x00000216e5989b80 flushing  nmethod 0x00000216ee80ed08
Event: 1.543 Thread 0x00000216e5989b80 flushing  nmethod 0x00000216ee836e08
Event: 1.543 Thread 0x00000216e5989b80 flushing  nmethod 0x00000216ee7f1708
Event: 1.543 Thread 0x00000216e5989b80 flushing  nmethod 0x00000216ee7f2988
Event: 1.543 Thread 0x00000216e5989b80 flushing  nmethod 0x00000216ee7f2e08
Event: 1.543 Thread 0x00000216e5989b80 flushing  nmethod 0x00000216ee815488
Event: 1.543 Thread 0x00000216e5989b80 flushing  nmethod 0x00000216ee85fd88

Events (13 events):
Event: 0.140 Thread 0x00000216e35ae140 Thread added: 0x00000216e35ae140
Event: 0.215 Thread 0x00000216e35ae140 Thread added: 0x00000216e5998140
Event: 0.215 Thread 0x00000216e35ae140 Thread added: 0x00000216e59988f0
Event: 0.217 Thread 0x00000216e35ae140 Thread added: 0x00000216e599a350
Event: 0.217 Thread 0x00000216e35ae140 Thread added: 0x00000216e599cf10
Event: 0.217 Thread 0x00000216e35ae140 Thread added: 0x00000216e599dac0
Event: 0.217 Thread 0x00000216e35ae140 Thread added: 0x00000216e59a8690
Event: 0.217 Thread 0x00000216e35ae140 Thread added: 0x00000216ff99e6e0
Event: 0.218 Thread 0x00000216e35ae140 Thread added: 0x00000216ff9a6f00
Event: 0.227 Thread 0x00000216e35ae140 Thread added: 0x00000216ffa2dc30
Event: 0.229 Thread 0x00000216e35ae140 Thread added: 0x00000216ffa53700
Event: 1.363 Thread 0x00000216e35ae140 Thread added: 0x00000216861cf7b0
Event: 1.374 Thread 0x00000216e35ae140 Thread added: 0x00000216861e1070


Dynamic libraries:
0x00007ff6dea50000 - 0x00007ff6dea5e000 	C:\Users\DELL\AppData\Roaming\Code\User\globalStorage\pleiades.java-extension-pack-jdk\java\latest\bin\java.exe
0x00007fff9cbb0000 - 0x00007fff9cda8000 	C:\WINDOWS\SYSTEM32\ntdll.dll
0x00007fff9bae0000 - 0x00007fff9bba2000 	C:\WINDOWS\System32\KERNEL32.DLL
0x00007fff9a580000 - 0x00007fff9a876000 	C:\WINDOWS\System32\KERNELBASE.dll
0x00007fff9a240000 - 0x00007fff9a340000 	C:\WINDOWS\System32\ucrtbase.dll
0x00007fff78410000 - 0x00007fff78427000 	C:\Users\DELL\AppData\Roaming\Code\User\globalStorage\pleiades.java-extension-pack-jdk\java\latest\bin\jli.dll
0x00007fff783f0000 - 0x00007fff7840e000 	C:\Users\DELL\AppData\Roaming\Code\User\globalStorage\pleiades.java-extension-pack-jdk\java\latest\bin\VCRUNTIME140.dll
0x00007fff9b930000 - 0x00007fff9bad1000 	C:\WINDOWS\System32\USER32.dll
0x00007fff9a910000 - 0x00007fff9a932000 	C:\WINDOWS\System32\win32u.dll
0x00007fff80b70000 - 0x00007fff80e0b000 	C:\WINDOWS\WinSxS\amd64_microsoft.windows.common-controls_6595b64144ccf1df_6.0.19041.6456_none_60b8a6cb71f64256\COMCTL32.dll
0x00007fff9b340000 - 0x00007fff9b36b000 	C:\WINDOWS\System32\GDI32.dll
0x00007fff9c940000 - 0x00007fff9c9de000 	C:\WINDOWS\System32\msvcrt.dll
0x00007fff9aa10000 - 0x00007fff9ab29000 	C:\WINDOWS\System32\gdi32full.dll
0x00007fff9ab30000 - 0x00007fff9abcd000 	C:\WINDOWS\System32\msvcp_win.dll
0x00007fff9c440000 - 0x00007fff9c46f000 	C:\WINDOWS\System32\IMM32.DLL
0x00007fff93a40000 - 0x00007fff93a4c000 	C:\Users\DELL\AppData\Roaming\Code\User\globalStorage\pleiades.java-extension-pack-jdk\java\latest\bin\vcruntime140_1.dll
0x00007fff619b0000 - 0x00007fff61a3d000 	C:\Users\DELL\AppData\Roaming\Code\User\globalStorage\pleiades.java-extension-pack-jdk\java\latest\bin\msvcp140.dll
0x00007ffeff690000 - 0x00007fff00629000 	C:\Users\DELL\AppData\Roaming\Code\User\globalStorage\pleiades.java-extension-pack-jdk\java\latest\bin\server\jvm.dll
0x00007fff9cab0000 - 0x00007fff9cb61000 	C:\WINDOWS\System32\ADVAPI32.dll
0x00007fff9b370000 - 0x00007fff9b40f000 	C:\WINDOWS\System32\sechost.dll
0x00007fff9c560000 - 0x00007fff9c680000 	C:\WINDOWS\System32\RPCRT4.dll
0x00007fff9a340000 - 0x00007fff9a367000 	C:\WINDOWS\System32\bcrypt.dll
0x00007fff9ca40000 - 0x00007fff9caab000 	C:\WINDOWS\System32\WS2_32.dll
0x00007fff89800000 - 0x00007fff89827000 	C:\WINDOWS\SYSTEM32\WINMM.dll
0x00007fff99780000 - 0x00007fff997cb000 	C:\WINDOWS\SYSTEM32\POWRPROF.dll
0x00007fff98f80000 - 0x00007fff98f8a000 	C:\WINDOWS\SYSTEM32\VERSION.dll
0x00007fff99640000 - 0x00007fff99652000 	C:\WINDOWS\SYSTEM32\UMPDC.dll
0x00007fff98ee0000 - 0x00007fff98ef2000 	C:\WINDOWS\SYSTEM32\kernel.appcore.dll
0x00007fff783e0000 - 0x00007fff783ea000 	C:\Users\DELL\AppData\Roaming\Code\User\globalStorage\pleiades.java-extension-pack-jdk\java\latest\bin\jimage.dll
0x00007fff97b40000 - 0x00007fff97d41000 	C:\WINDOWS\SYSTEM32\DBGHELP.DLL
0x00007fff7fc70000 - 0x00007fff7fca4000 	C:\WINDOWS\SYSTEM32\dbgcore.DLL
0x00007fff9a880000 - 0x00007fff9a902000 	C:\WINDOWS\System32\bcryptPrimitives.dll
0x00007fff73b90000 - 0x00007fff73bae000 	C:\Users\DELL\AppData\Roaming\Code\User\globalStorage\pleiades.java-extension-pack-jdk\java\latest\bin\java.dll
0x00007fff9bbb0000 - 0x00007fff9bcdb000 	C:\WINDOWS\System32\ole32.dll
0x00007fff9b5d0000 - 0x00007fff9b924000 	C:\WINDOWS\System32\combase.dll
0x00007fff9abd0000 - 0x00007fff9b340000 	C:\WINDOWS\System32\SHELL32.dll
0x00007fff97e50000 - 0x00007fff985f5000 	C:\WINDOWS\SYSTEM32\windows.storage.dll
0x00007fff99c70000 - 0x00007fff99c9b000 	C:\WINDOWS\SYSTEM32\Wldp.dll
0x00007fff9c870000 - 0x00007fff9c93d000 	C:\WINDOWS\System32\OLEAUT32.dll
0x00007fff9c330000 - 0x00007fff9c3dd000 	C:\WINDOWS\System32\SHCORE.dll
0x00007fff9c3e0000 - 0x00007fff9c43b000 	C:\WINDOWS\System32\shlwapi.dll
0x00007fff9a170000 - 0x00007fff9a194000 	C:\WINDOWS\SYSTEM32\profapi.dll
0x00007fff70d40000 - 0x00007fff70d51000 	C:\Users\DELL\AppData\Roaming\Code\User\globalStorage\pleiades.java-extension-pack-jdk\java\latest\bin\net.dll
0x00007fff999d0000 - 0x00007fff99a3a000 	C:\WINDOWS\system32\mswsock.dll
0x00007fff6f8c0000 - 0x00007fff6f8d6000 	C:\Users\DELL\AppData\Roaming\Code\User\globalStorage\pleiades.java-extension-pack-jdk\java\latest\bin\nio.dll
0x00007fff6e390000 - 0x00007fff6e3a7000 	C:\Users\DELL\AppData\Roaming\Code\User\globalStorage\pleiades.java-extension-pack-jdk\java\latest\bin\zip.dll
0x00007fff6e140000 - 0x00007fff6e14a000 	C:\Users\DELL\AppData\Roaming\Code\User\globalStorage\pleiades.java-extension-pack-jdk\java\latest\bin\management.dll
0x00007fff6dd20000 - 0x00007fff6dd2c000 	C:\Users\DELL\AppData\Roaming\Code\User\globalStorage\pleiades.java-extension-pack-jdk\java\latest\bin\management_ext.dll
0x00007fff9c550000 - 0x00007fff9c558000 	C:\WINDOWS\System32\PSAPI.DLL

JVMTI agents: none

dbghelp: loaded successfully - version: 4.0.5 - missing functions: none
symbol engine: initialized successfully - sym options: 0x614 - pdb path: .;C:\Users\DELL\AppData\Roaming\Code\User\globalStorage\pleiades.java-extension-pack-jdk\java\latest\bin;C:\WINDOWS\SYSTEM32;C:\WINDOWS\WinSxS\amd64_microsoft.windows.common-controls_6595b64144ccf1df_6.0.19041.6456_none_60b8a6cb71f64256;C:\Users\DELL\AppData\Roaming\Code\User\globalStorage\pleiades.java-extension-pack-jdk\java\latest\bin\server

VM Arguments:
jvm_args: -Dstdout.encoding=UTF-8 -Dstderr.encoding=UTF-8 
java_command: C:\Users\DELL\AppData\Local\Temp\surefire4212030256090522541\surefirebooter-20260617150359241_3.jar C:\Users\DELL\AppData\Local\Temp\surefire4212030256090522541 2026-06-17T15-03-57_864-jvmRun1 surefire-20260617150359241_1tmp surefire_0-20260617150359241_2tmp
java_class_path (initial): C:\Users\DELL\AppData\Local\Temp\surefire4212030256090522541\surefirebooter-20260617150359241_3.jar
Launcher Type: SUN_STANDARD

[Global flags]
     bool AOTAdapterCaching                        = false                                  {diagnostic} {ergonomic}
     bool AOTInvokeDynamicLinking                  = false                                  {diagnostic} {ergonomic}
     bool AOTRecordTraining                        = false                                  {diagnostic} {ergonomic}
     bool AOTReplayTraining                        = false                                  {diagnostic} {ergonomic}
     bool AOTStubCaching                           = false                                  {diagnostic} {ergonomic}
     intx CICompilerCount                          = 4                                         {product} {ergonomic}
     uint ConcGCThreads                            = 2                                         {product} {ergonomic}
     uint G1ConcRefinementThreads                  = 8                                         {product} {ergonomic}
     uint G1EagerReclaimRemSetThreshold            = 10                                   {experimental} {ergonomic}
   size_t G1HeapRegionSize                         = 1048576                                   {product} {ergonomic}
     uint G1RemSetArrayOfCardsEntries              = 10                                   {experimental} {ergonomic}
     uint G1RemSetHowlMaxNumBuckets                = 8                                    {experimental} {ergonomic}
     uint G1RemSetHowlNumBuckets                   = 4                                    {experimental} {ergonomic}
   size_t InitialHeapSize                          = 8388608                                   {product} {ergonomic}
     bool IntelJccErratumMitigation                = false                             {ARCH diagnostic} {ergonomic}
   size_t MarkStackSize                            = 4194304                                   {product} {ergonomic}
   size_t MarkStackSizeMax                         = 536870912                                 {product} {ergonomic}
   size_t MaxHeapSize                              = 1002438656                                {product} {ergonomic}
   size_t MaxNewSize                               = 600834048                                 {product} {ergonomic}
 uint64_t MaxRAM                                   = 4004290560                                {product} {ergonomic}
   size_t MinHeapDeltaBytes                        = 1048576                                   {product} {ergonomic}
   size_t MinHeapSize                              = 8388608                                   {product} {ergonomic}
   size_t NonNMethodCodeHeapSize                   = 5898240                                {pd product} {ergonomic}
   size_t NonProfiledCodeHeapSize                  = 122945536                              {pd product} {ergonomic}
   size_t ProfiledCodeHeapSize                     = 122945536                              {pd product} {ergonomic}
   size_t ReservedCodeCacheSize                    = 251789312                              {pd product} {ergonomic}
     bool SegmentedCodeCache                       = true                                      {product} {ergonomic}
   size_t SoftMaxHeapSize                          = 1002438656                             {manageable} {ergonomic}
     bool UseCompressedOops                        = true                           {product lp64_product} {ergonomic}
     bool UseCondCardMark                          = true                                      {product} {ergonomic}
     bool UseFastUnorderedTimeStamps               = true                                 {experimental} {ergonomic}
     bool UseG1GC                                  = true                                      {product} {ergonomic}
     bool UseLargePagesIndividualAllocation        = false                                  {pd product} {ergonomic}
      int X86ICacheSync                            = 3                                 {ARCH diagnostic} {ergonomic}

Logging:
Log output configuration:
 #0: stdout all=warning uptime,level,tags foldmultilines=false
 #1: stderr all=off uptime,level,tags foldmultilines=false

Release file:
IMPLEMENTOR="Eclipse Adoptium" 
IMPLEMENTOR_VERSION="Temurin-26.0.1+8" 
JAVA_RUNTIME_VERSION="26.0.1+8" 
JAVA_VERSION="26.0.1" 
JAVA_VERSION_DATE="2026-04-21" 
LIBC="default" 
MODULES="java.base java.compiler java.datatransfer java.xml java.prefs java.desktop java.instrument java.logging java.management java.security.sasl java.naming java.rmi java.management.rmi java.net.http java.scripting java.security.jgss java.transaction.xa java.sql java.sql.rowset java.xml.crypto java.se java.smartcardio jdk.accessibility jdk.internal.jvmstat jdk.attach jdk.charsets jdk.internal.opt jdk.zipfs jdk.compiler jdk.crypto.cryptoki jdk.crypto.ec jdk.crypto.mscapi jdk.dynalink jdk.internal.ed jdk.editpad jdk.internal.vm.ci jdk.graal.compiler jdk.graal.compiler.management jdk.hotspot.agent jdk.httpserver jdk.incubator.vector jdk.internal.le jdk.internal.md jdk.jartool jdk.javadoc jdk.jcmd jdk.management jdk.management.agent jdk.jconsole jdk.jdeps jdk.jdwp.agent jdk.jdi jdk.jfr jdk.jlink jdk.jpackage jdk.jshell jdk.jstatd jdk.localedata jdk.management.jfr jdk.naming.dns jdk.naming.rmi jdk.net jdk.nio.mapmode jdk.sctp jdk.security.auth jdk.security.jgss jdk.unsupported jdk.unsupported.desktop jdk.xml.dom" 
OS_ARCH="x86_64" 
OS_NAME="Windows" 
SOURCE=".:git:1cafccec39fb" 
BUILD_SOURCE="git:a612825ee82a20ac872d60958c349854c1f29a8e"
BUILD_SOURCE_REPO="https://github.com/adoptium/temurin-build.git"
SOURCE_REPO="https://github.com/adoptium/jdk26u.git"
FULL_VERSION="26.0.1+8"
SEMANTIC_VERSION="26.0.1+8"
BUILD_INFO="OS: Windows Server 2022 Version: 10.0"
JVM_VARIANT="Hotspot"
JVM_VERSION="26.0.1+8"
IMAGE_TYPE="JDK"

Environment Variables:
JAVA_HOME=C:\Users\DELL\AppData\Roaming\Code\User\globalStorage\pleiades.java-extension-pack-jdk\java\latest
JAVA_TOOL_OPTIONS=-Dstdout.encoding=UTF-8 -Dstderr.encoding=UTF-8
PATH=C:\Users\DELL\AppData\Roaming\Code\User\globalStorage\pleiades.java-extension-pack-jdk\gradle\latest\bin;C:\Users\DELL\AppData\Roaming\Code\User\globalStorage\pleiades.java-extension-pack-jdk\maven\latest\bin;C:\Users\DELL\AppData\Roaming\Code\User\globalStorage\pleiades.java-extension-pack-jdk\java\latest\bin;C:\Program Files\Common Files\Oracle\Java\javapath;C:\Python312\Scripts\;C:\Python312\;C:\Users\DELL\Downloads\mongosh-1.9.1-win32-x64\mongosh-1.9.1-win32-x64\bin;C:\WINDOWS;C:\WINDOWS\System32\Wbem;C:\WINDOWS\System32\WindowsPowerShell\v1.0\;C:\WINDOWS\System32\OpenSSH\;C:\Program Files\Java\jdk-11.0.3\bin;C:\Program Files\dotnet\;C:\MinGW\bin;C:\Users\DELL\Desktop\Git\cmd;C:\Program Files\PuTTY\;C:\Program Files\nodejs\;C:\ProgramData\chocolatey\bin;C:\Users\DELL\Downloads\ngrok;;C:\WINDOWS\system32;C:\Program Files\WireGuard\;C:\Program Files\Redis\;C:\Users\DELL\AppData\Local\Microsoft\WindowsApps;C:\Users\DELL\AppData\Local\Programs\Microsoft VS Code\bin;C:\Users\DELL\Desktop\Hyper\resources\bin;C:\Users\DELL\Downloads\Hyper\resources\bin;C:\Users\DELL\AppData\Local\Programs\Hyper\resources\bin;C:\Users\DELL\AppData\Roaming\npm;C:\Users\DELL\AppData\Local\Microsoft\WindowsApps;C:\mysql-connector-j-9.3.0.jar;c:\Users\DELL\.vscode\extensions\vscjava.vscode-java-debug-0.59.0\bundled\scripts\noConfigScripts
USERNAME=Prabhas
LANG=en_US.UTF-8
OS=Windows_NT
PROCESSOR_IDENTIFIER=Intel64 Family 6 Model 140 Stepping 1, GenuineIntel
TMP=C:\Users\DELL\AppData\Local\Temp
TEMP=C:\Users\DELL\AppData\Local\Temp




Compilation memory statistics disabled.

Periodic native trim disabled

---------------  S Y S T E M  ---------------

OS:
 Windows 10 , 64 bit Build 19041 (10.0.19041.5915)
OS uptime: 0 days 5:56 hours

CPU: total 8 (initial active 8) (4 cores per cpu, 2 threads per core) family 6 model 140 stepping 1 microcode 0xbe, cx8, cmov, fxsr, ht, mmx, 3dnowpref, sse, sse2, sse3, ssse3, sse4.1, sse4.2, popcnt, lzcnt, tsc, tscinvbit, avx, avx2, aes, erms, clmul, bmi1, bmi2, adx, avx512f, avx512dq, avx512cd, avx512bw, avx512vl, sha, fma, vzeroupper, avx512_vpopcntdq, avx512_vpclmulqdq, avx512_vaes, avx512_vnni, clflush, clflushopt, clwb, avx512_vbmi2, avx512_vbmi, rdtscp, rdpid, fsrm, gfni, avx512_bitalg, f16c, pku, cet_ibt, cet_ss, avx512_ifma
Processor Information for the first 8 processors :
  Max Mhz: 2419, Current Mhz: 2419, Mhz Limit: 2419

Memory: 4k page, system-wide physical 3818M (79M free)
TotalPageFile size 15594M (AvailPageFile size 16M)
current process WorkingSet (physical memory assigned to process): 124M, peak: 124M
current process commit charge ("private bytes"): 194M, peak: 194M

vm_info: OpenJDK 64-Bit Server VM (26.0.1+8) for windows-amd64 JRE (26.0.1+8), built on 2026-04-21T00:00:00Z with MS VC++ 17.12 (VS2022)

END.
